<?xml version="1.0" encoding="UTF-8"?>
<coverage generated="1788931151959" clover="3.2.0">
  <project timestamp="1788931151959" name="All files">
    <metrics statements="13" coveredstatements="13" conditionals="3" coveredconditionals="3" methods="5" coveredmethods="5" elements="21" coveredelements="21" complexity="0" loc="13" ncloc="13" packages="1" files="2" classes="2"/>
    <file name="lambda.ts" path="C:\Users\ilzar\OneDrive\Desktop\Alrudo\TSJestLambda\src\lambda.ts">
      <metrics statements="3" coveredstatements="3" conditionals="2" coveredconditionals="2" methods="1" coveredmethods="1"/>
      <line num="6" count="1" type="stmt"/>
      <line num="11" count="2" type="cond" truecount="2" falsecount="0"/>
      <line num="13" count="2" type="stmt"/>
    </file>
    <file name="math.ts" path="C:\Users\ilzar\OneDrive\Desktop\Alrudo\TSJestLambda\src\math.ts">
      <metrics statements="10" coveredstatements="10" conditionals="1" coveredconditionals="1" methods="4" coveredmethods="4"/>
      <line num="1" count="1" type="stmt"/>
      <line num="2" count="1" type="stmt"/>
      <line num="5" count="1" type="stmt"/>
      <line num="6" count="1" type="stmt"/>
      <line num="9" count="1" type="stmt"/>
      <line num="10" count="1" type="stmt"/>
      <line num="13" count="1" type="stmt"/>
      <line num="14" count="2" type="cond" truecount="1" falsecount="0"/>
      <line num="15" count="1" type="stmt"/>
      <line num="18" count="1" type="stmt"/>
    </file>
  </project>
</coverage>
