{"C:\\Users\\ilzar\\OneDrive\\Desktop\\Alrudo\\TSJestLambda\\src\\lambda.ts": {"path":"C:\\Users\\ilzar\\OneDrive\\Desktop\\Alrudo\\TSJestLambda\\src\\lambda.ts","statementMap":{"0":{"start":{"line":6,"column":23},"end":{"line":24,"column":1}},"1":{"start":{"line":11,"column":8},"end":{"line":11,"column":52}},"2":{"start":{"line":13,"column":4},"end":{"line":23,"column":6}},"3":{"start":{"line":6,"column":13},"end":{"line":6,"column":23}}},"fnMap":{"0":{"name":"(anonymous_0)","decl":{"start":{"line":6,"column":23},"end":{"line":6,"column":28}},"loc":{"start":{"line":8,"column":36},"end":{"line":24,"column":1}}}},"branchMap":{"0":{"loc":{"start":{"line":11,"column":8},"end":{"line":11,"column":52}},"type":"binary-expr","locations":[{"start":{"line":11,"column":8},"end":{"line":11,"column":41}},{"start":{"line":11,"column":45},"end":{"line":11,"column":52}}]}},"s":{"0":1,"1":2,"2":2,"3":1},"f":{"0":2},"b":{"0":[2,1]}}
,"C:\\Users\\ilzar\\OneDrive\\Desktop\\Alrudo\\TSJestLambda\\src\\math.ts": {"path":"C:\\Users\\ilzar\\OneDrive\\Desktop\\Alrudo\\TSJestLambda\\src\\math.ts","statementMap":{"0":{"start":{"line":1,"column":0},"end":{"line":1,"column":16}},"1":{"start":{"line":5,"column":0},"end":{"line":5,"column":16}},"2":{"start":{"line":9,"column":0},"end":{"line":9,"column":16}},"3":{"start":{"line":13,"column":0},"end":{"line":13,"column":16}},"4":{"start":{"line":2,"column":4},"end":{"line":2,"column":17}},"5":{"start":{"line":6,"column":4},"end":{"line":6,"column":17}},"6":{"start":{"line":10,"column":4},"end":{"line":10,"column":17}},"7":{"start":{"line":14,"column":4},"end":{"line":16,"column":5}},"8":{"start":{"line":15,"column":8},"end":{"line":15,"column":49}},"9":{"start":{"line":18,"column":4},"end":{"line":18,"column":17}}},"fnMap":{"0":{"name":"add","decl":{"start":{"line":1,"column":16},"end":{"line":1,"column":19}},"loc":{"start":{"line":1,"column":40},"end":{"line":3,"column":1}}},"1":{"name":"subtract","decl":{"start":{"line":5,"column":16},"end":{"line":5,"column":24}},"loc":{"start":{"line":5,"column":45},"end":{"line":7,"column":1}}},"2":{"name":"multiply","decl":{"start":{"line":9,"column":16},"end":{"line":9,"column":24}},"loc":{"start":{"line":9,"column":45},"end":{"line":11,"column":1}}},"3":{"name":"divide","decl":{"start":{"line":13,"column":16},"end":{"line":13,"column":22}},"loc":{"start":{"line":13,"column":43},"end":{"line":19,"column":1}}}},"branchMap":{"0":{"loc":{"start":{"line":14,"column":4},"end":{"line":16,"column":5}},"type":"if","locations":[{"start":{"line":14,"column":4},"end":{"line":16,"column":5}}]}},"s":{"0":1,"1":1,"2":1,"3":1,"4":1,"5":1,"6":1,"7":2,"8":1,"9":1},"f":{"0":1,"1":1,"2":1,"3":2},"b":{"0":[1]}}
}
